This file contains any messages produced by compilers while
running configure, to aid debugging if configure makes a mistake.

It was created by psk_soft configure 1.0.0, which was
generated by GNU Autoconf 2.63.  Invocation command line was

  $ ./configure 

## --------- ##
## Platform. ##
## --------- ##

hostname = bsglinux.techma.com
uname -m = x86_64
uname -r = 2.6.32-358.11.1.el6.x86_64
uname -s = Linux
uname -v = #1 SMP Wed Jun 12 03:34:52 UTC 2013

/usr/bin/uname -p = unknown
/bin/uname -X     = unknown

/bin/arch              = x86_64
/usr/bin/arch -k       = unknown
/usr/convex/getsysinfo = unknown
/usr/bin/hostinfo      = unknown
/bin/machine           = unknown
/usr/bin/oslevel       = unknown
/bin/universe          = unknown

PATH: /home/bsg/redhawkInstalls/1.9.0/redhawk/bin
PATH: /opt/maven/default/bin
PATH: /opt/ant/default/bin
PATH: /usr/local/redhawk/core/bin
PATH: /usr/lib64/qt-3.3/bin
PATH: /opt/maven/default/bin
PATH: /opt/ant/default/bin
PATH: /usr/local/bin
PATH: /usr/bin
PATH: /bin
PATH: /usr/local/sbin
PATH: /usr/sbin
PATH: /sbin
PATH: /usr/java/default//bin
PATH: /home/bsg/bin
PATH: /usr/java/default//bin


## ----------- ##
## Core tests. ##
## ----------- ##

configure:1911: checking for a BSD-compatible install
configure:1979: result: /usr/bin/install -c
configure:1990: checking whether build environment is sane
configure:2050: result: yes
configure:2191: checking for a thread-safe mkdir -p
configure:2230: result: /bin/mkdir -p
configure:2243: checking for gawk
configure:2259: found /usr/bin/gawk
configure:2270: result: gawk
configure:2281: checking whether make sets $(MAKE)
configure:2303: result: yes
configure:2434: checking for gcc
configure:2450: found /usr/bin/gcc
configure:2461: result: gcc
configure:2693: checking for C compiler version
configure:2701: gcc --version >&5
gcc (GCC) 4.4.7 20120313 (Red Hat 4.4.7-3)
Copyright (C) 2010 Free Software Foundation, Inc.
This is free software; see the source for copying conditions.  There is NO
warranty; not even for MERCHANTABILITY or FITNESS FOR A PARTICULAR PURPOSE.

configure:2705: $? = 0
configure:2712: gcc -v >&5
Using built-in specs.
Target: x86_64-redhat-linux
Configured with: ../configure --prefix=/usr --mandir=/usr/share/man --infodir=/usr/share/info --with-bugurl=http://bugzilla.redhat.com/bugzilla --enable-bootstrap --enable-shared --enable-threads=posix --enable-checking=release --with-system-zlib --enable-__cxa_atexit --disable-libunwind-exceptions --enable-gnu-unique-object --enable-languages=c,c++,objc,obj-c++,java,fortran,ada --enable-java-awt=gtk --disable-dssi --with-java-home=/usr/lib/jvm/java-1.5.0-gcj-1.5.0.0/jre --enable-libgcj-multifile --enable-java-maintainer-mode --with-ecj-jar=/usr/share/java/eclipse-ecj.jar --disable-libjava-multilib --with-ppl --with-cloog --with-tune=generic --with-arch_32=i686 --build=x86_64-redhat-linux
Thread model: posix
gcc version 4.4.7 20120313 (Red Hat 4.4.7-3) (GCC) 
configure:2716: $? = 0
configure:2723: gcc -V >&5
gcc: '-V' option must have argument
configure:2727: $? = 1
configure:2750: checking for C compiler default output file name
configure:2772: gcc    conftest.c  >&5
configure:2776: $? = 0
configure:2814: result: a.out
configure:2833: checking whether the C compiler works
configure:2843: ./a.out
configure:2847: $? = 0
configure:2866: result: yes
configure:2873: checking whether we are cross compiling
configure:2875: result: no
configure:2878: checking for suffix of executables
configure:2885: gcc -o conftest    conftest.c  >&5
configure:2889: $? = 0
configure:2915: result: 
configure:2921: checking for suffix of object files
configure:2947: gcc -c   conftest.c >&5
configure:2951: $? = 0
configure:2976: result: o
configure:2980: checking whether we are using the GNU C compiler
configure:3009: gcc -c   conftest.c >&5
configure:3016: $? = 0
configure:3033: result: yes
configure:3042: checking whether gcc accepts -g
configure:3072: gcc -c -g  conftest.c >&5
configure:3079: $? = 0
configure:3180: result: yes
configure:3197: checking for gcc option to accept ISO C89
configure:3271: gcc  -c -g -O2  conftest.c >&5
configure:3278: $? = 0
configure:3301: result: none needed
configure:3330: checking for style of include used by make
configure:3358: result: GNU
configure:3383: checking dependency style of gcc
configure:3493: result: gcc3
configure:3566: checking for g++
configure:3582: found /usr/bin/g++
configure:3593: result: g++
configure:3620: checking for C++ compiler version
configure:3628: g++ --version >&5
g++ (GCC) 4.4.7 20120313 (Red Hat 4.4.7-3)
Copyright (C) 2010 Free Software Foundation, Inc.
This is free software; see the source for copying conditions.  There is NO
warranty; not even for MERCHANTABILITY or FITNESS FOR A PARTICULAR PURPOSE.

configure:3632: $? = 0
configure:3639: g++ -v >&5
Using built-in specs.
Target: x86_64-redhat-linux
Configured with: ../configure --prefix=/usr --mandir=/usr/share/man --infodir=/usr/share/info --with-bugurl=http://bugzilla.redhat.com/bugzilla --enable-bootstrap --enable-shared --enable-threads=posix --enable-checking=release --with-system-zlib --enable-__cxa_atexit --disable-libunwind-exceptions --enable-gnu-unique-object --enable-languages=c,c++,objc,obj-c++,java,fortran,ada --enable-java-awt=gtk --disable-dssi --with-java-home=/usr/lib/jvm/java-1.5.0-gcj-1.5.0.0/jre --enable-libgcj-multifile --enable-java-maintainer-mode --with-ecj-jar=/usr/share/java/eclipse-ecj.jar --disable-libjava-multilib --with-ppl --with-cloog --with-tune=generic --with-arch_32=i686 --build=x86_64-redhat-linux
Thread model: posix
gcc version 4.4.7 20120313 (Red Hat 4.4.7-3) (GCC) 
configure:3643: $? = 0
configure:3650: g++ -V >&5
g++: '-V' option must have argument
configure:3654: $? = 1
configure:3657: checking whether we are using the GNU C++ compiler
configure:3686: g++ -c   conftest.cpp >&5
configure:3693: $? = 0
configure:3710: result: yes
configure:3719: checking whether g++ accepts -g
configure:3749: g++ -c -g  conftest.cpp >&5
configure:3756: $? = 0
configure:3857: result: yes
configure:3882: checking dependency style of g++
configure:3992: result: gcc3
configure:4021: checking for a BSD-compatible install
configure:4089: result: /usr/bin/install -c
configure:4150: checking for pkg-config
configure:4168: found /usr/bin/pkg-config
configure:4180: result: /usr/bin/pkg-config
configure:4205: checking pkg-config is at least version 0.9.0
configure:4208: result: yes
configure:4219: checking for omniORB4
configure:4225: $PKG_CONFIG --exists --print-errors "omniORB4 >= 4.0.0"
configure:4228: $? = 0
configure:4235: result: yes
configure:4279: checking for ossie home
configure:4304: result: /home/bsg/redhawkInstalls/1.9.0/redhawk
configure:4315: checking build system type
configure:4333: result: x86_64-unknown-linux-gnu
configure:4355: checking host system type
configure:4370: result: x86_64-unknown-linux-gnu
configure:4396: checking gr_libdir_suffix
configure:4417: result: 64
configure:4421: checking whether to append 64 to libdir
configure:4426: result: yes. Setting libdir to ${exec_prefix}/lib64
configure:4436: checking to see ossie is installed
configure:4441: result: /home/bsg/redhawkInstalls/1.9.0/redhawk
configure:4454: checking for sdr root
configure:4473: result: /home/bsg/redhawkInstalls/1.9.0/sdr
configure:4484: using /home/bsg/redhawkInstalls/1.9.0/sdr/ as installation prefix
configure:4494: checking for PROJECTDEPS
configure:4502: $PKG_CONFIG --exists --print-errors "ossie >= 1.9 omniORB4 >= 4.1.0"
configure:4505: $? = 0
configure:4520: $PKG_CONFIG --exists --print-errors "ossie >= 1.9 omniORB4 >= 4.1.0"
configure:4523: $? = 0
configure:4601: result: yes
configure:4607: checking for INTERFACEDEPS
configure:4615: $PKG_CONFIG --exists --print-errors "bulkio >= 1.0 bulkioInterfaces >= 1.9"
configure:4618: $? = 0
configure:4633: $PKG_CONFIG --exists --print-errors "bulkio >= 1.0 bulkioInterfaces >= 1.9"
configure:4636: $? = 0
configure:4714: result: yes
configure:4727: checking for LOG4CXX
configure:4735: $PKG_CONFIG --exists --print-errors "liblog4cxx >= 0.10.0"
configure:4738: $? = 0
configure:4753: $PKG_CONFIG --exists --print-errors "liblog4cxx >= 0.10.0"
configure:4756: $? = 0
configure:4834: result: yes
configure:4909: checking for boostlib >= 1.41
configure:4969: g++ -c -g -O2    -I/usr/include conftest.cpp >&5
configure:4976: $? = 0
configure:4982: result: yes
configure:5232: checking whether the Boost::Thread library is available
configure:5274: g++ -c -g -O2    -I/usr/include conftest.cpp >&5
configure:5281: $? = 0
configure:5304: result: yes
configure:5336: checking for exit in -lboost_thread-mt
configure:5371: gcc -o conftest -g -O2    -I/usr/include  -L/usr/lib64 conftest.c -lboost_thread-mt   -llog4cxx   >&5
conftest.c:21: warning: conflicting types for built-in function 'exit'
configure:5378: $? = 0
configure:5401: result: yes
configure:5765: creating ./config.status

## ---------------------- ##
## Running config.status. ##
## ---------------------- ##

This file was extended by psk_soft config.status 1.0.0, which was
generated by GNU Autoconf 2.63.  Invocation command line was

  CONFIG_FILES    = 
  CONFIG_HEADERS  = 
  CONFIG_LINKS    = 
  CONFIG_COMMANDS = 
  $ ./config.status 

on bsglinux.techma.com

config.status:720: creating Makefile
config.status:931: executing depfiles commands

## ---------------- ##
## Cache variables. ##
## ---------------- ##

ac_cv_build=x86_64-unknown-linux-gnu
ac_cv_c_compiler_gnu=yes
ac_cv_corba_omniorb4=yes
ac_cv_cxx_compiler_gnu=yes
ac_cv_env_CCC_set=
ac_cv_env_CCC_value=
ac_cv_env_CC_set=
ac_cv_env_CC_value=
ac_cv_env_CFLAGS_set=
ac_cv_env_CFLAGS_value=
ac_cv_env_CPPFLAGS_set=
ac_cv_env_CPPFLAGS_value=
ac_cv_env_CXXFLAGS_set=
ac_cv_env_CXXFLAGS_value=
ac_cv_env_CXX_set=
ac_cv_env_CXX_value=
ac_cv_env_INTERFACEDEPS_CFLAGS_set=
ac_cv_env_INTERFACEDEPS_CFLAGS_value=
ac_cv_env_INTERFACEDEPS_LIBS_set=
ac_cv_env_INTERFACEDEPS_LIBS_value=
ac_cv_env_LDFLAGS_set=
ac_cv_env_LDFLAGS_value=
ac_cv_env_LIBS_set=
ac_cv_env_LIBS_value=
ac_cv_env_LOG4CXX_CFLAGS_set=
ac_cv_env_LOG4CXX_CFLAGS_value=
ac_cv_env_LOG4CXX_LIBS_set=
ac_cv_env_LOG4CXX_LIBS_value=
ac_cv_env_PKG_CONFIG_set=
ac_cv_env_PKG_CONFIG_value=
ac_cv_env_PROJECTDEPS_CFLAGS_set=
ac_cv_env_PROJECTDEPS_CFLAGS_value=
ac_cv_env_PROJECTDEPS_LIBS_set=
ac_cv_env_PROJECTDEPS_LIBS_value=
ac_cv_env_build_alias_set=
ac_cv_env_build_alias_value=
ac_cv_env_host_alias_set=
ac_cv_env_host_alias_value=
ac_cv_env_target_alias_set=
ac_cv_env_target_alias_value=
ac_cv_host=x86_64-unknown-linux-gnu
ac_cv_lib_boost_thread_mt___exit=yes
ac_cv_objext=o
ac_cv_path_ac_pt_PKG_CONFIG=/usr/bin/pkg-config
ac_cv_path_install='/usr/bin/install -c'
ac_cv_path_mkdir=/bin/mkdir
ac_cv_prog_AWK=gawk
ac_cv_prog_ac_ct_CC=gcc
ac_cv_prog_ac_ct_CXX=g++
ac_cv_prog_cc_c89=
ac_cv_prog_cc_g=yes
ac_cv_prog_cxx_g=yes
ac_cv_prog_make_make_set=yes
am_cv_CC_dependencies_compiler_type=gcc3
am_cv_CXX_dependencies_compiler_type=gcc3
ax_cv_boost_thread=yes
ossie_cv_ossie_home=/home/bsg/redhawkInstalls/1.9.0/redhawk
ossie_cv_sdr_root=/home/bsg/redhawkInstalls/1.9.0/sdr
pkg_cv_INTERFACEDEPS_CFLAGS='-I/home/bsg/redhawkInstalls/1.9.0/redhawk/include/bulkio -I/home/bsg/redhawkInstalls/1.9.0/redhawk/include/ossie  '
pkg_cv_INTERFACEDEPS_LIBS='-L/home/bsg/redhawkInstalls/1.9.0/redhawk/lib64 -lbulkio-1.0 -lbulkioInterfaces  '
pkg_cv_LOG4CXX_CFLAGS=' '
pkg_cv_LOG4CXX_LIBS='-llog4cxx  '
pkg_cv_PROJECTDEPS_CFLAGS='-D__x86_64__ -D__linux__ -D__OSVERSION__=2 -DHAVE_LOG4CXX=1 -DENABLE_EVENTS=1 -I/home/bsg/redhawkInstalls/1.9.0/redhawk/include -I/home/bsg/redhawkInstalls/1.9.0/redhawk/include/ossie -I/home/bsg/redhawkInstalls/1.9.0/redhawk/share/idl  '
pkg_cv_PROJECTDEPS_LIBS='-L/home/bsg/redhawkInstalls/1.9.0/redhawk/lib64 -lossiecf -lossieidl -lCOS4 -lomniDynamic4 -llog4cxx -lomniORB4 -lomnithread  '

## ----------------- ##
## Output variables. ##
## ----------------- ##

ACLOCAL='${SHELL} /home/bsg/redhawkInstalls/1.9.0.rc5/workspaces/safe/psk_soft/cpp/missing --run aclocal-1.11'
AMDEPBACKSLASH='\'
AMDEP_FALSE='#'
AMDEP_TRUE=''
AMTAR='${SHELL} /home/bsg/redhawkInstalls/1.9.0.rc5/workspaces/safe/psk_soft/cpp/missing --run tar'
AUTOCONF='${SHELL} /home/bsg/redhawkInstalls/1.9.0.rc5/workspaces/safe/psk_soft/cpp/missing --run autoconf'
AUTOHEADER='${SHELL} /home/bsg/redhawkInstalls/1.9.0.rc5/workspaces/safe/psk_soft/cpp/missing --run autoheader'
AUTOMAKE='${SHELL} /home/bsg/redhawkInstalls/1.9.0.rc5/workspaces/safe/psk_soft/cpp/missing --run automake-1.11'
AWK='gawk'
BOOST_CPPFLAGS='-pthread -I/usr/include'
BOOST_LDFLAGS='-L/usr/lib64'
BOOST_THREAD_LIB='-lboost_thread-mt'
CC='gcc'
CCDEPMODE='depmode=gcc3'
CFLAGS='-g -O2'
CORBA_ORB='omniORB4'
CPPFLAGS='  '
CXX='g++'
CXXDEPMODE='depmode=gcc3'
CXXFLAGS='-g -O2'
CYGPATH_W='echo'
DEFS='-DPACKAGE_NAME=\"psk_soft\" -DPACKAGE_TARNAME=\"psk_soft\" -DPACKAGE_VERSION=\"1.0.0\" -DPACKAGE_STRING=\"psk_soft\ 1.0.0\" -DPACKAGE_BUGREPORT=\"\" -DPACKAGE=\"psk_soft\" -DVERSION=\"1.0.0\" -DHAVE_OMNIORB4=1 -DHAVE_LOG4CXX=1 -DHAVE_BOOST=1 -DHAVE_BOOST_THREAD=1'
DEPDIR='.deps'
ECHO_C=''
ECHO_N='-n'
ECHO_T=''
EXEEXT=''
HAVE_LOG4CXX='-DHAVE_LOG4CXX=1'
INSTALL_DATA='${INSTALL} -m 644'
INSTALL_PROGRAM='${INSTALL}'
INSTALL_SCRIPT='${INSTALL}'
INSTALL_STRIP_PROGRAM='$(install_sh) -c -s'
INTERFACEDEPS_CFLAGS='-I/home/bsg/redhawkInstalls/1.9.0/redhawk/include/bulkio -I/home/bsg/redhawkInstalls/1.9.0/redhawk/include/ossie  '
INTERFACEDEPS_LIBS='-L/home/bsg/redhawkInstalls/1.9.0/redhawk/lib64 -lbulkio-1.0 -lbulkioInterfaces  '
LDFLAGS=''
LIBOBJS=''
LIBS=' -llog4cxx  '
LOG4CXX_CFLAGS=' '
LOG4CXX_LIBS='-llog4cxx  '
LTLIBOBJS=''
MAKEINFO='${SHELL} /home/bsg/redhawkInstalls/1.9.0.rc5/workspaces/safe/psk_soft/cpp/missing --run makeinfo'
MKDIR_P='/bin/mkdir -p'
OBJEXT='o'
OSSIE_HOME='/home/bsg/redhawkInstalls/1.9.0/redhawk'
PACKAGE='psk_soft'
PACKAGE_BUGREPORT=''
PACKAGE_NAME='psk_soft'
PACKAGE_STRING='psk_soft 1.0.0'
PACKAGE_TARNAME='psk_soft'
PACKAGE_VERSION='1.0.0'
PATH_SEPARATOR=':'
PKG_CONFIG='/usr/bin/pkg-config'
PROJECTDEPS_CFLAGS='-D__x86_64__ -D__linux__ -D__OSVERSION__=2 -DHAVE_LOG4CXX=1 -DENABLE_EVENTS=1 -I/home/bsg/redhawkInstalls/1.9.0/redhawk/include -I/home/bsg/redhawkInstalls/1.9.0/redhawk/include/ossie -I/home/bsg/redhawkInstalls/1.9.0/redhawk/share/idl  '
PROJECTDEPS_LIBS='-L/home/bsg/redhawkInstalls/1.9.0/redhawk/lib64 -lossiecf -lossieidl -lCOS4 -lomniDynamic4 -llog4cxx -lomniORB4 -lomnithread  '
SDR_ROOT='/home/bsg/redhawkInstalls/1.9.0/sdr'
SET_MAKE=''
SHELL='/bin/sh'
STRIP=''
VERSION='1.0.0'
WITH_LOG4CXX='yes'
ac_ct_CC='gcc'
ac_ct_CXX='g++'
am__EXEEXT_FALSE=''
am__EXEEXT_TRUE='#'
am__fastdepCC_FALSE='#'
am__fastdepCC_TRUE=''
am__fastdepCXX_FALSE='#'
am__fastdepCXX_TRUE=''
am__include='include'
am__isrc=''
am__leading_dot='.'
am__quote=''
am__tar='${AMTAR} chof - "$$tardir"'
am__untar='${AMTAR} xf -'
bindir='${exec_prefix}/bin'
build='x86_64-unknown-linux-gnu'
build_alias=''
build_cpu='x86_64'
build_os='linux-gnu'
build_vendor='unknown'
datadir='${datarootdir}'
datarootdir='${prefix}/share'
docdir='${datarootdir}/doc/${PACKAGE_TARNAME}'
dvidir='${docdir}'
exec_prefix='${prefix}'
gr_libdir_suffix='64'
host='x86_64-unknown-linux-gnu'
host_alias=''
host_cpu='x86_64'
host_os='linux-gnu'
host_vendor='unknown'
htmldir='${docdir}'
includedir='${prefix}/include'
infodir='${datarootdir}/info'
install_sh='${SHELL} /home/bsg/redhawkInstalls/1.9.0.rc5/workspaces/safe/psk_soft/cpp/install-sh'
libdir='${exec_prefix}/lib64'
libexecdir='${exec_prefix}/libexec'
localedir='${datarootdir}/locale'
localstatedir='${prefix}/var'
mandir='${datarootdir}/man'
mkdir_p='/bin/mkdir -p'
oldincludedir='/usr/include'
pdfdir='${docdir}'
prefix='/home/bsg/redhawkInstalls/1.9.0/sdr/'
program_transform_name='s,x,x,'
psdir='${docdir}'
sbindir='${exec_prefix}/sbin'
sharedstatedir='${prefix}/com'
sysconfdir='${prefix}/etc'
target_alias=''

## ----------- ##
## confdefs.h. ##
## ----------- ##

#define PACKAGE_NAME "psk_soft"
#define PACKAGE_TARNAME "psk_soft"
#define PACKAGE_VERSION "1.0.0"
#define PACKAGE_STRING "psk_soft 1.0.0"
#define PACKAGE_BUGREPORT ""
#define PACKAGE "psk_soft"
#define VERSION "1.0.0"
#define HAVE_OMNIORB4 1
#define HAVE_LOG4CXX 1
#define HAVE_BOOST 1
#define HAVE_BOOST_THREAD 1

configure: exit 0
